[debug] [2018-10-24T18:26:46.460Z] ----------------------------------------------------------------------
[debug] [2018-10-24T18:26:46.462Z] Command:       /usr/local/Cellar/node/10.2.1/bin/node /usr/local/bin/firebase serve
[debug] [2018-10-24T18:26:46.462Z] CLI Version:   5.1.1
[debug] [2018-10-24T18:26:46.462Z] Platform:      darwin
[debug] [2018-10-24T18:26:46.462Z] Node Version:  v10.2.1
[debug] [2018-10-24T18:26:46.463Z] Time:          Wed Oct 24 2018 23:56:46 GMT+0530 (IST)
[debug] [2018-10-24T18:26:46.463Z] ----------------------------------------------------------------------
[debug] 
[debug] [2018-10-24T18:26:46.478Z] > command requires scopes: ["email","openid","https://www.googleapis.com/auth/cloudplatformprojects.readonly","https://www.googleapis.com/auth/firebase","https://www.googleapis.com/auth/cloud-platform"]
[debug] [2018-10-24T18:26:46.479Z] > authorizing via signed-in user
[debug] [2018-10-24T18:26:46.479Z] [iam] checking project owomaniya-5d939 for permissions ["firebase.projects.get"]
[debug] [2018-10-24T18:26:46.482Z] >>> HTTP REQUEST POST https://cloudresourcemanager.googleapis.com/v1/projects/owomaniya-5d939:testIamPermissions  

[debug] [2018-10-24T18:26:48.335Z] <<< HTTP RESPONSE 200
[debug] [2018-10-24T18:26:48.336Z] >>> HTTP REQUEST GET https://cloudresourcemanager.googleapis.com/v1/projects/owomaniya-5d939  
 
[debug] [2018-10-24T18:26:50.053Z] <<< HTTP RESPONSE 200
[info] 
[info] === Serving from '/Users/madhavisolanki/Work/oWomaniya/owomaniya-website'...
[info] 
[debug] [2018-10-24T18:26:50.056Z] >>> HTTP REQUEST GET https://mobilesdk-pa.googleapis.com/v1/projects/970667086873/clients/_:getWebAppConfig  
 
[debug] [2018-10-24T18:26:50.646Z] <<< HTTP RESPONSE 200
[info] i  hosting: Serving hosting files from: dist
[info] ✔  hosting: Local server: http://localhost:5000
